<?xml version="1.0" encoding="UTF-8"?>
<!-- Generated by org.testng.reporters.JUnitReportReporter -->
<testsuite hostname="TYC1121225" failures="0" tests="1" name="homeTest.ToSendAMailAndToVerifyTest" time="0.005" errors="0" timestamp="2023-02-07T13:03:09 IST" skipped="0">
  <testcase classname="homeTest.ToSendAMailAndToVerifyTest" name="sendAmailAndVerifyTest" time="0.005"/>
  <system-out/>
</testsuite> <!-- homeTest.ToSendAMailAndToVerifyTest -->
