<?xml version="1.0" encoding="UTF-8"?>
<!-- Generated by org.testng.reporters.JUnitReportReporter -->
<testsuite hostname="TYC1121225" failures="0" tests="1" name="basicTestScript.ToSendAMailAndToVerify" time="0.006" errors="0" timestamp="2023-02-07T12:37:49 IST" skipped="0">
  <testcase classname="basicTestScript.ToSendAMailAndToVerify" name="sendAmailAndVerify" time="0.006"/>
  <system-out/>
</testsuite> <!-- basicTestScript.ToSendAMailAndToVerify -->
